ERROR - 2023-09-24 00:00:36 --> mysqli_sql_exception: Table 'musicplayer.playlists' doesn't exist in C:\laragon\www\musicplayer\system\Database\MySQLi\Connection.php:306
Stack trace:
#0 C:\laragon\www\musicplayer\system\Database\MySQLi\Connection.php(306): mysqli->query('SELECT *\nFROM `...', 0)
#1 C:\laragon\www\musicplayer\system\Database\BaseConnection.php(692): CodeIgniter\Database\MySQLi\Connection->execute('SELECT *\nFROM `...')
#2 C:\laragon\www\musicplayer\system\Database\BaseConnection.php(606): CodeIgniter\Database\BaseConnection->simpleQuery('SELECT *\nFROM `...')
#3 C:\laragon\www\musicplayer\system\Database\BaseBuilder.php(1615): CodeIgniter\Database\BaseConnection->query('SELECT *\nFROM `...', Array, false)
#4 C:\laragon\www\musicplayer\system\Model.php(237): CodeIgniter\Database\BaseBuilder->get()
#5 C:\laragon\www\musicplayer\system\BaseModel.php(624): CodeIgniter\Model->doFindAll(0, 0)
#6 C:\laragon\www\musicplayer\app\Controllers\MusicController.php(19): CodeIgniter\BaseModel->findAll()
#7 C:\laragon\www\musicplayer\system\CodeIgniter.php(919): App\Controllers\MusicController->index()
#8 C:\laragon\www\musicplayer\system\CodeIgniter.php(494): CodeIgniter\CodeIgniter->runController(Object(App\Controllers\MusicController))
#9 C:\laragon\www\musicplayer\system\CodeIgniter.php(353): CodeIgniter\CodeIgniter->handleRequest(NULL, Object(Config\Cache), false)
#10 C:\laragon\www\musicplayer\public\index.php(79): CodeIgniter\CodeIgniter->run()
#11 C:\laragon\www\musicplayer\system\Commands\Server\rewrite.php(47): require_once('C:\\laragon\\www\\...')
#12 {main}
CRITICAL - 2023-09-24 00:00:36 --> Table 'musicplayer.playlists' doesn't exist
in SYSTEMPATH\Database\BaseConnection.php on line 646.
 1 SYSTEMPATH\Database\BaseBuilder.php(1615): CodeIgniter\Database\BaseConnection->query('SELECT *
FROM `playlists`', [], false)
 2 SYSTEMPATH\Model.php(237): CodeIgniter\Database\BaseBuilder->get()
 3 SYSTEMPATH\BaseModel.php(624): CodeIgniter\Model->doFindAll(0, 0)
 4 APPPATH\Controllers\MusicController.php(19): CodeIgniter\BaseModel->findAll()
 5 SYSTEMPATH\CodeIgniter.php(919): App\Controllers\MusicController->index()
 6 SYSTEMPATH\CodeIgniter.php(494): CodeIgniter\CodeIgniter->runController(Object(App\Controllers\MusicController))
 7 SYSTEMPATH\CodeIgniter.php(353): CodeIgniter\CodeIgniter->handleRequest(null, Object(Config\Cache), false)
 8 FCPATH\index.php(79): CodeIgniter\CodeIgniter->run()
 9 SYSTEMPATH\Commands\Server\rewrite.php(47): require_once('C:\\laragon\\www\\musicplayer\\public\\index.php')
ERROR - 2023-09-24 00:02:09 --> mysqli_sql_exception: Cannot add or update a child row: a foreign key constraint fails (`musicplayer`.`table_playlists`, CONSTRAINT `musicId` FOREIGN KEY (`musicId`) REFERENCES `table_musics` (`musicId`) ON DELETE RESTRICT ON UPDATE RESTRICT) in C:\laragon\www\musicplayer\system\Database\MySQLi\Connection.php:306
Stack trace:
#0 C:\laragon\www\musicplayer\system\Database\MySQLi\Connection.php(306): mysqli->query('INSERT INTO `ta...', 0)
#1 C:\laragon\www\musicplayer\system\Database\BaseConnection.php(692): CodeIgniter\Database\MySQLi\Connection->execute('INSERT INTO `ta...')
#2 C:\laragon\www\musicplayer\system\Database\BaseConnection.php(606): CodeIgniter\Database\BaseConnection->simpleQuery('INSERT INTO `ta...')
#3 C:\laragon\www\musicplayer\system\Database\BaseBuilder.php(2308): CodeIgniter\Database\BaseConnection->query('INSERT INTO `ta...', Array, false)
#4 C:\laragon\www\musicplayer\system\Model.php(319): CodeIgniter\Database\BaseBuilder->insert()
#5 C:\laragon\www\musicplayer\system\BaseModel.php(788): CodeIgniter\Model->doInsert(Array)
#6 C:\laragon\www\musicplayer\system\Model.php(715): CodeIgniter\BaseModel->insert(Array, false)
#7 C:\laragon\www\musicplayer\system\BaseModel.php(698): CodeIgniter\Model->insert(Array, false)
#8 C:\laragon\www\musicplayer\app\Controllers\MusicController.php(37): CodeIgniter\BaseModel->save(Array)
#9 C:\laragon\www\musicplayer\system\CodeIgniter.php(919): App\Controllers\MusicController->uploadPlaylist()
#10 C:\laragon\www\musicplayer\system\CodeIgniter.php(494): CodeIgniter\CodeIgniter->runController(Object(App\Controllers\MusicController))
#11 C:\laragon\www\musicplayer\system\CodeIgniter.php(353): CodeIgniter\CodeIgniter->handleRequest(NULL, Object(Config\Cache), false)
#12 C:\laragon\www\musicplayer\public\index.php(79): CodeIgniter\CodeIgniter->run()
#13 C:\laragon\www\musicplayer\system\Commands\Server\rewrite.php(47): require_once('C:\\laragon\\www\\...')
#14 {main}
CRITICAL - 2023-09-24 00:02:09 --> Cannot add or update a child row: a foreign key constraint fails (`musicplayer`.`table_playlists`, CONSTRAINT `musicId` FOREIGN KEY (`musicId`) REFERENCES `table_musics` (`musicId`) ON DELETE RESTRICT ON UPDATE RESTRICT)
in SYSTEMPATH\Database\BaseConnection.php on line 646.
 1 SYSTEMPATH\Database\BaseBuilder.php(2308): CodeIgniter\Database\BaseConnection->query('INSERT INTO `table_playlists` (`playlistName`) VALUES (:playlistName:)', [...], false)
 2 SYSTEMPATH\Model.php(319): CodeIgniter\Database\BaseBuilder->insert()
 3 SYSTEMPATH\BaseModel.php(788): CodeIgniter\Model->doInsert([...])
 4 SYSTEMPATH\Model.php(715): CodeIgniter\BaseModel->insert([...], false)
 5 SYSTEMPATH\BaseModel.php(698): CodeIgniter\Model->insert([...], false)
 6 APPPATH\Controllers\MusicController.php(37): CodeIgniter\BaseModel->save([...])
 7 SYSTEMPATH\CodeIgniter.php(919): App\Controllers\MusicController->uploadPlaylist()
 8 SYSTEMPATH\CodeIgniter.php(494): CodeIgniter\CodeIgniter->runController(Object(App\Controllers\MusicController))
 9 SYSTEMPATH\CodeIgniter.php(353): CodeIgniter\CodeIgniter->handleRequest(null, Object(Config\Cache), false)
10 FCPATH\index.php(79): CodeIgniter\CodeIgniter->run()
11 SYSTEMPATH\Commands\Server\rewrite.php(47): require_once('C:\\laragon\\www\\musicplayer\\public\\index.php')
ERROR - 2023-09-24 00:04:29 --> mysqli_sql_exception: Cannot add or update a child row: a foreign key constraint fails (`musicplayer`.`table_playlists`, CONSTRAINT `musicId` FOREIGN KEY (`musicId`) REFERENCES `table_musics` (`musicId`) ON DELETE RESTRICT ON UPDATE RESTRICT) in C:\laragon\www\musicplayer\system\Database\MySQLi\Connection.php:306
Stack trace:
#0 C:\laragon\www\musicplayer\system\Database\MySQLi\Connection.php(306): mysqli->query('INSERT INTO `ta...', 0)
#1 C:\laragon\www\musicplayer\system\Database\BaseConnection.php(692): CodeIgniter\Database\MySQLi\Connection->execute('INSERT INTO `ta...')
#2 C:\laragon\www\musicplayer\system\Database\BaseConnection.php(606): CodeIgniter\Database\BaseConnection->simpleQuery('INSERT INTO `ta...')
#3 C:\laragon\www\musicplayer\system\Database\BaseBuilder.php(2308): CodeIgniter\Database\BaseConnection->query('INSERT INTO `ta...', Array, false)
#4 C:\laragon\www\musicplayer\system\Model.php(319): CodeIgniter\Database\BaseBuilder->insert()
#5 C:\laragon\www\musicplayer\system\BaseModel.php(788): CodeIgniter\Model->doInsert(Array)
#6 C:\laragon\www\musicplayer\system\Model.php(715): CodeIgniter\BaseModel->insert(Array, false)
#7 C:\laragon\www\musicplayer\system\BaseModel.php(698): CodeIgniter\Model->insert(Array, false)
#8 C:\laragon\www\musicplayer\app\Controllers\MusicController.php(37): CodeIgniter\BaseModel->save(Array)
#9 C:\laragon\www\musicplayer\system\CodeIgniter.php(919): App\Controllers\MusicController->uploadPlaylist()
#10 C:\laragon\www\musicplayer\system\CodeIgniter.php(494): CodeIgniter\CodeIgniter->runController(Object(App\Controllers\MusicController))
#11 C:\laragon\www\musicplayer\system\CodeIgniter.php(353): CodeIgniter\CodeIgniter->handleRequest(NULL, Object(Config\Cache), false)
#12 C:\laragon\www\musicplayer\public\index.php(79): CodeIgniter\CodeIgniter->run()
#13 C:\laragon\www\musicplayer\system\Commands\Server\rewrite.php(47): require_once('C:\\laragon\\www\\...')
#14 {main}
CRITICAL - 2023-09-24 00:04:29 --> Cannot add or update a child row: a foreign key constraint fails (`musicplayer`.`table_playlists`, CONSTRAINT `musicId` FOREIGN KEY (`musicId`) REFERENCES `table_musics` (`musicId`) ON DELETE RESTRICT ON UPDATE RESTRICT)
in SYSTEMPATH\Database\BaseConnection.php on line 646.
 1 SYSTEMPATH\Database\BaseBuilder.php(2308): CodeIgniter\Database\BaseConnection->query('INSERT INTO `table_playlists` (`playlistName`) VALUES (:playlistName:)', [...], false)
 2 SYSTEMPATH\Model.php(319): CodeIgniter\Database\BaseBuilder->insert()
 3 SYSTEMPATH\BaseModel.php(788): CodeIgniter\Model->doInsert([...])
 4 SYSTEMPATH\Model.php(715): CodeIgniter\BaseModel->insert([...], false)
 5 SYSTEMPATH\BaseModel.php(698): CodeIgniter\Model->insert([...], false)
 6 APPPATH\Controllers\MusicController.php(37): CodeIgniter\BaseModel->save([...])
 7 SYSTEMPATH\CodeIgniter.php(919): App\Controllers\MusicController->uploadPlaylist()
 8 SYSTEMPATH\CodeIgniter.php(494): CodeIgniter\CodeIgniter->runController(Object(App\Controllers\MusicController))
 9 SYSTEMPATH\CodeIgniter.php(353): CodeIgniter\CodeIgniter->handleRequest(null, Object(Config\Cache), false)
10 FCPATH\index.php(79): CodeIgniter\CodeIgniter->run()
11 SYSTEMPATH\Commands\Server\rewrite.php(47): require_once('C:\\laragon\\www\\musicplayer\\public\\index.php')
ERROR - 2023-09-24 00:18:27 --> mysqli_sql_exception: Cannot add or update a child row: a foreign key constraint fails (`musicplayer`.`table_playlists`, CONSTRAINT `musicId` FOREIGN KEY (`musicId`) REFERENCES `table_musics` (`musicId`) ON DELETE RESTRICT ON UPDATE RESTRICT) in C:\laragon\www\musicplayer\system\Database\MySQLi\Connection.php:306
Stack trace:
#0 C:\laragon\www\musicplayer\system\Database\MySQLi\Connection.php(306): mysqli->query('INSERT INTO `ta...', 0)
#1 C:\laragon\www\musicplayer\system\Database\BaseConnection.php(692): CodeIgniter\Database\MySQLi\Connection->execute('INSERT INTO `ta...')
#2 C:\laragon\www\musicplayer\system\Database\BaseConnection.php(606): CodeIgniter\Database\BaseConnection->simpleQuery('INSERT INTO `ta...')
#3 C:\laragon\www\musicplayer\system\Database\BaseBuilder.php(2308): CodeIgniter\Database\BaseConnection->query('INSERT INTO `ta...', Array, false)
#4 C:\laragon\www\musicplayer\system\Model.php(319): CodeIgniter\Database\BaseBuilder->insert()
#5 C:\laragon\www\musicplayer\system\BaseModel.php(788): CodeIgniter\Model->doInsert(Array)
#6 C:\laragon\www\musicplayer\system\Model.php(715): CodeIgniter\BaseModel->insert(Array, false)
#7 C:\laragon\www\musicplayer\system\BaseModel.php(698): CodeIgniter\Model->insert(Array, false)
#8 C:\laragon\www\musicplayer\app\Controllers\MusicController.php(37): CodeIgniter\BaseModel->save(Array)
#9 C:\laragon\www\musicplayer\system\CodeIgniter.php(919): App\Controllers\MusicController->uploadPlaylist()
#10 C:\laragon\www\musicplayer\system\CodeIgniter.php(494): CodeIgniter\CodeIgniter->runController(Object(App\Controllers\MusicController))
#11 C:\laragon\www\musicplayer\system\CodeIgniter.php(353): CodeIgniter\CodeIgniter->handleRequest(NULL, Object(Config\Cache), false)
#12 C:\laragon\www\musicplayer\public\index.php(79): CodeIgniter\CodeIgniter->run()
#13 C:\laragon\www\musicplayer\system\Commands\Server\rewrite.php(47): require_once('C:\\laragon\\www\\...')
#14 {main}
CRITICAL - 2023-09-24 00:18:27 --> Cannot add or update a child row: a foreign key constraint fails (`musicplayer`.`table_playlists`, CONSTRAINT `musicId` FOREIGN KEY (`musicId`) REFERENCES `table_musics` (`musicId`) ON DELETE RESTRICT ON UPDATE RESTRICT)
in SYSTEMPATH\Database\BaseConnection.php on line 646.
 1 SYSTEMPATH\Database\BaseBuilder.php(2308): CodeIgniter\Database\BaseConnection->query('INSERT INTO `table_playlists` (`playlistName`) VALUES (:playlistName:)', [...], false)
 2 SYSTEMPATH\Model.php(319): CodeIgniter\Database\BaseBuilder->insert()
 3 SYSTEMPATH\BaseModel.php(788): CodeIgniter\Model->doInsert([...])
 4 SYSTEMPATH\Model.php(715): CodeIgniter\BaseModel->insert([...], false)
 5 SYSTEMPATH\BaseModel.php(698): CodeIgniter\Model->insert([...], false)
 6 APPPATH\Controllers\MusicController.php(37): CodeIgniter\BaseModel->save([...])
 7 SYSTEMPATH\CodeIgniter.php(919): App\Controllers\MusicController->uploadPlaylist()
 8 SYSTEMPATH\CodeIgniter.php(494): CodeIgniter\CodeIgniter->runController(Object(App\Controllers\MusicController))
 9 SYSTEMPATH\CodeIgniter.php(353): CodeIgniter\CodeIgniter->handleRequest(null, Object(Config\Cache), false)
10 FCPATH\index.php(79): CodeIgniter\CodeIgniter->run()
11 SYSTEMPATH\Commands\Server\rewrite.php(47): require_once('C:\\laragon\\www\\musicplayer\\public\\index.php')
ERROR - 2023-09-24 00:27:46 --> mysqli_sql_exception: Cannot add or update a child row: a foreign key constraint fails (`musicplayer`.`table_playlists`, CONSTRAINT `musicId` FOREIGN KEY (`musicId`) REFERENCES `table_musics` (`musicId`) ON DELETE RESTRICT ON UPDATE RESTRICT) in C:\laragon\www\musicplayer\system\Database\MySQLi\Connection.php:306
Stack trace:
#0 C:\laragon\www\musicplayer\system\Database\MySQLi\Connection.php(306): mysqli->query('INSERT INTO `ta...', 0)
#1 C:\laragon\www\musicplayer\system\Database\BaseConnection.php(692): CodeIgniter\Database\MySQLi\Connection->execute('INSERT INTO `ta...')
#2 C:\laragon\www\musicplayer\system\Database\BaseConnection.php(606): CodeIgniter\Database\BaseConnection->simpleQuery('INSERT INTO `ta...')
#3 C:\laragon\www\musicplayer\system\Database\BaseBuilder.php(2308): CodeIgniter\Database\BaseConnection->query('INSERT INTO `ta...', Array, false)
#4 C:\laragon\www\musicplayer\system\Model.php(319): CodeIgniter\Database\BaseBuilder->insert()
#5 C:\laragon\www\musicplayer\system\BaseModel.php(788): CodeIgniter\Model->doInsert(Array)
#6 C:\laragon\www\musicplayer\system\Model.php(715): CodeIgniter\BaseModel->insert(Array, false)
#7 C:\laragon\www\musicplayer\system\BaseModel.php(698): CodeIgniter\Model->insert(Array, false)
#8 C:\laragon\www\musicplayer\app\Controllers\MusicController.php(37): CodeIgniter\BaseModel->save(Array)
#9 C:\laragon\www\musicplayer\system\CodeIgniter.php(919): App\Controllers\MusicController->uploadPlaylist()
#10 C:\laragon\www\musicplayer\system\CodeIgniter.php(494): CodeIgniter\CodeIgniter->runController(Object(App\Controllers\MusicController))
#11 C:\laragon\www\musicplayer\system\CodeIgniter.php(353): CodeIgniter\CodeIgniter->handleRequest(NULL, Object(Config\Cache), false)
#12 C:\laragon\www\musicplayer\public\index.php(79): CodeIgniter\CodeIgniter->run()
#13 C:\laragon\www\musicplayer\system\Commands\Server\rewrite.php(47): require_once('C:\\laragon\\www\\...')
#14 {main}
CRITICAL - 2023-09-24 00:27:46 --> Cannot add or update a child row: a foreign key constraint fails (`musicplayer`.`table_playlists`, CONSTRAINT `musicId` FOREIGN KEY (`musicId`) REFERENCES `table_musics` (`musicId`) ON DELETE RESTRICT ON UPDATE RESTRICT)
in SYSTEMPATH\Database\BaseConnection.php on line 646.
 1 SYSTEMPATH\Database\BaseBuilder.php(2308): CodeIgniter\Database\BaseConnection->query('INSERT INTO `table_playlists` (`playlistName`) VALUES (:playlistName:)', [...], false)
 2 SYSTEMPATH\Model.php(319): CodeIgniter\Database\BaseBuilder->insert()
 3 SYSTEMPATH\BaseModel.php(788): CodeIgniter\Model->doInsert([...])
 4 SYSTEMPATH\Model.php(715): CodeIgniter\BaseModel->insert([...], false)
 5 SYSTEMPATH\BaseModel.php(698): CodeIgniter\Model->insert([...], false)
 6 APPPATH\Controllers\MusicController.php(37): CodeIgniter\BaseModel->save([...])
 7 SYSTEMPATH\CodeIgniter.php(919): App\Controllers\MusicController->uploadPlaylist()
 8 SYSTEMPATH\CodeIgniter.php(494): CodeIgniter\CodeIgniter->runController(Object(App\Controllers\MusicController))
 9 SYSTEMPATH\CodeIgniter.php(353): CodeIgniter\CodeIgniter->handleRequest(null, Object(Config\Cache), false)
10 FCPATH\index.php(79): CodeIgniter\CodeIgniter->run()
11 SYSTEMPATH\Commands\Server\rewrite.php(47): require_once('C:\\laragon\\www\\musicplayer\\public\\index.php')
ERROR - 2023-09-24 00:32:19 --> mysqli_sql_exception: Cannot add or update a child row: a foreign key constraint fails (`musicplayer`.`table_playlists`, CONSTRAINT `musicId` FOREIGN KEY (`musicId`) REFERENCES `table_musics` (`musicId`) ON DELETE RESTRICT ON UPDATE RESTRICT) in C:\laragon\www\musicplayer\system\Database\MySQLi\Connection.php:306
Stack trace:
#0 C:\laragon\www\musicplayer\system\Database\MySQLi\Connection.php(306): mysqli->query('INSERT INTO `ta...', 0)
#1 C:\laragon\www\musicplayer\system\Database\BaseConnection.php(692): CodeIgniter\Database\MySQLi\Connection->execute('INSERT INTO `ta...')
#2 C:\laragon\www\musicplayer\system\Database\BaseConnection.php(606): CodeIgniter\Database\BaseConnection->simpleQuery('INSERT INTO `ta...')
#3 C:\laragon\www\musicplayer\system\Database\BaseBuilder.php(2308): CodeIgniter\Database\BaseConnection->query('INSERT INTO `ta...', Array, false)
#4 C:\laragon\www\musicplayer\system\Model.php(319): CodeIgniter\Database\BaseBuilder->insert()
#5 C:\laragon\www\musicplayer\system\BaseModel.php(788): CodeIgniter\Model->doInsert(Array)
#6 C:\laragon\www\musicplayer\system\Model.php(715): CodeIgniter\BaseModel->insert(Array, false)
#7 C:\laragon\www\musicplayer\system\BaseModel.php(698): CodeIgniter\Model->insert(Array, false)
#8 C:\laragon\www\musicplayer\app\Controllers\MusicController.php(37): CodeIgniter\BaseModel->save(Array)
#9 C:\laragon\www\musicplayer\system\CodeIgniter.php(919): App\Controllers\MusicController->uploadPlaylist()
#10 C:\laragon\www\musicplayer\system\CodeIgniter.php(494): CodeIgniter\CodeIgniter->runController(Object(App\Controllers\MusicController))
#11 C:\laragon\www\musicplayer\system\CodeIgniter.php(353): CodeIgniter\CodeIgniter->handleRequest(NULL, Object(Config\Cache), false)
#12 C:\laragon\www\musicplayer\public\index.php(79): CodeIgniter\CodeIgniter->run()
#13 C:\laragon\www\musicplayer\system\Commands\Server\rewrite.php(47): require_once('C:\\laragon\\www\\...')
#14 {main}
CRITICAL - 2023-09-24 00:32:19 --> Cannot add or update a child row: a foreign key constraint fails (`musicplayer`.`table_playlists`, CONSTRAINT `musicId` FOREIGN KEY (`musicId`) REFERENCES `table_musics` (`musicId`) ON DELETE RESTRICT ON UPDATE RESTRICT)
in SYSTEMPATH\Database\BaseConnection.php on line 646.
 1 SYSTEMPATH\Database\BaseBuilder.php(2308): CodeIgniter\Database\BaseConnection->query('INSERT INTO `table_playlists` (`playlistName`) VALUES (:playlistName:)', [...], false)
 2 SYSTEMPATH\Model.php(319): CodeIgniter\Database\BaseBuilder->insert()
 3 SYSTEMPATH\BaseModel.php(788): CodeIgniter\Model->doInsert([...])
 4 SYSTEMPATH\Model.php(715): CodeIgniter\BaseModel->insert([...], false)
 5 SYSTEMPATH\BaseModel.php(698): CodeIgniter\Model->insert([...], false)
 6 APPPATH\Controllers\MusicController.php(37): CodeIgniter\BaseModel->save([...])
 7 SYSTEMPATH\CodeIgniter.php(919): App\Controllers\MusicController->uploadPlaylist()
 8 SYSTEMPATH\CodeIgniter.php(494): CodeIgniter\CodeIgniter->runController(Object(App\Controllers\MusicController))
 9 SYSTEMPATH\CodeIgniter.php(353): CodeIgniter\CodeIgniter->handleRequest(null, Object(Config\Cache), false)
10 FCPATH\index.php(79): CodeIgniter\CodeIgniter->run()
11 SYSTEMPATH\Commands\Server\rewrite.php(47): require_once('C:\\laragon\\www\\musicplayer\\public\\index.php')
ERROR - 2023-09-24 00:36:51 --> mysqli_sql_exception: Cannot add or update a child row: a foreign key constraint fails (`musicplayer`.`table_playlists`, CONSTRAINT `musicId` FOREIGN KEY (`musicId`) REFERENCES `table_musics` (`musicId`) ON DELETE RESTRICT ON UPDATE RESTRICT) in C:\laragon\www\musicplayer\system\Database\MySQLi\Connection.php:306
Stack trace:
#0 C:\laragon\www\musicplayer\system\Database\MySQLi\Connection.php(306): mysqli->query('INSERT INTO `ta...', 0)
#1 C:\laragon\www\musicplayer\system\Database\BaseConnection.php(692): CodeIgniter\Database\MySQLi\Connection->execute('INSERT INTO `ta...')
#2 C:\laragon\www\musicplayer\system\Database\BaseConnection.php(606): CodeIgniter\Database\BaseConnection->simpleQuery('INSERT INTO `ta...')
#3 C:\laragon\www\musicplayer\system\Database\BaseBuilder.php(2308): CodeIgniter\Database\BaseConnection->query('INSERT INTO `ta...', Array, false)
#4 C:\laragon\www\musicplayer\system\Model.php(319): CodeIgniter\Database\BaseBuilder->insert()
#5 C:\laragon\www\musicplayer\system\BaseModel.php(788): CodeIgniter\Model->doInsert(Array)
#6 C:\laragon\www\musicplayer\system\Model.php(715): CodeIgniter\BaseModel->insert(Array, false)
#7 C:\laragon\www\musicplayer\system\BaseModel.php(698): CodeIgniter\Model->insert(Array, false)
#8 C:\laragon\www\musicplayer\app\Controllers\MusicController.php(37): CodeIgniter\BaseModel->save(Array)
#9 C:\laragon\www\musicplayer\system\CodeIgniter.php(919): App\Controllers\MusicController->uploadPlaylist()
#10 C:\laragon\www\musicplayer\system\CodeIgniter.php(494): CodeIgniter\CodeIgniter->runController(Object(App\Controllers\MusicController))
#11 C:\laragon\www\musicplayer\system\CodeIgniter.php(353): CodeIgniter\CodeIgniter->handleRequest(NULL, Object(Config\Cache), false)
#12 C:\laragon\www\musicplayer\public\index.php(79): CodeIgniter\CodeIgniter->run()
#13 C:\laragon\www\musicplayer\system\Commands\Server\rewrite.php(47): require_once('C:\\laragon\\www\\...')
#14 {main}
CRITICAL - 2023-09-24 00:36:51 --> Cannot add or update a child row: a foreign key constraint fails (`musicplayer`.`table_playlists`, CONSTRAINT `musicId` FOREIGN KEY (`musicId`) REFERENCES `table_musics` (`musicId`) ON DELETE RESTRICT ON UPDATE RESTRICT)
in SYSTEMPATH\Database\BaseConnection.php on line 646.
 1 SYSTEMPATH\Database\BaseBuilder.php(2308): CodeIgniter\Database\BaseConnection->query('INSERT INTO `table_playlists` (`playlistName`) VALUES (:playlistName:)', [...], false)
 2 SYSTEMPATH\Model.php(319): CodeIgniter\Database\BaseBuilder->insert()
 3 SYSTEMPATH\BaseModel.php(788): CodeIgniter\Model->doInsert([...])
 4 SYSTEMPATH\Model.php(715): CodeIgniter\BaseModel->insert([...], false)
 5 SYSTEMPATH\BaseModel.php(698): CodeIgniter\Model->insert([...], false)
 6 APPPATH\Controllers\MusicController.php(37): CodeIgniter\BaseModel->save([...])
 7 SYSTEMPATH\CodeIgniter.php(919): App\Controllers\MusicController->uploadPlaylist()
 8 SYSTEMPATH\CodeIgniter.php(494): CodeIgniter\CodeIgniter->runController(Object(App\Controllers\MusicController))
 9 SYSTEMPATH\CodeIgniter.php(353): CodeIgniter\CodeIgniter->handleRequest(null, Object(Config\Cache), false)
10 FCPATH\index.php(79): CodeIgniter\CodeIgniter->run()
11 SYSTEMPATH\Commands\Server\rewrite.php(47): require_once('C:\\laragon\\www\\musicplayer\\public\\index.php')
CRITICAL - 2023-09-24 00:42:51 --> Undefined variable $playName
in APPPATH\Views\ViewMusic.php on line 92.
 1 APPPATH\Views\ViewMusic.php(92): CodeIgniter\Debug\Exceptions->errorHandler(2, 'Undefined variable $playName', 'C:\\laragon\\www\\musicplayer\\app\\Views\\ViewMusic.php', 92)
 2 SYSTEMPATH\View\View.php(226): include('C:\\laragon\\www\\musicplayer\\app\\Views\\ViewMusic.php')
 3 SYSTEMPATH\View\View.php(229): CodeIgniter\View\View->CodeIgniter\View\{closure}()
 4 SYSTEMPATH\Common.php(1188): CodeIgniter\View\View->render('ViewMusic', [...], true)
 5 APPPATH\Controllers\MusicController.php(20): view('ViewMusic', [...], [...])
 6 SYSTEMPATH\CodeIgniter.php(919): App\Controllers\MusicController->index()
 7 SYSTEMPATH\CodeIgniter.php(494): CodeIgniter\CodeIgniter->runController(Object(App\Controllers\MusicController))
 8 SYSTEMPATH\CodeIgniter.php(353): CodeIgniter\CodeIgniter->handleRequest(null, Object(Config\Cache), false)
 9 FCPATH\index.php(79): CodeIgniter\CodeIgniter->run()
10 SYSTEMPATH\Commands\Server\rewrite.php(47): require_once('C:\\laragon\\www\\musicplayer\\public\\index.php')
CRITICAL - 2023-09-24 01:37:03 --> syntax error, unexpected token "return"
in APPPATH\Controllers\MusicController.php on line 50.
 1 SYSTEMPATH\Autoloader\Autoloader.php(285): CodeIgniter\Autoloader\Autoloader->includeFile('C:\\laragon\\www\\musicplayer\\app\\Controllers\\MusicController.php')
 2 SYSTEMPATH\Autoloader\Autoloader.php(263): CodeIgniter\Autoloader\Autoloader->loadInNamespace('App\\Controllers\\MusicController')
 3 [internal function]: CodeIgniter\Autoloader\Autoloader->loadClass('App\\Controllers\\MusicController')
 4 SYSTEMPATH\CodeIgniter.php(877): class_exists('\\App\\Controllers\\MusicController', true)
 5 SYSTEMPATH\CodeIgniter.php(481): CodeIgniter\CodeIgniter->startController()
 6 SYSTEMPATH\CodeIgniter.php(353): CodeIgniter\CodeIgniter->handleRequest(null, Object(Config\Cache), false)
 7 FCPATH\index.php(79): CodeIgniter\CodeIgniter->run()
 8 SYSTEMPATH\Commands\Server\rewrite.php(47): require_once('C:\\laragon\\www\\musicplayer\\public\\index.php')
ERROR - 2023-09-24 03:20:07 --> mysqli_sql_exception: Unknown column 'title' in 'where clause' in C:\laragon\www\musicplayer\system\Database\MySQLi\Connection.php:306
Stack trace:
#0 C:\laragon\www\musicplayer\system\Database\MySQLi\Connection.php(306): mysqli->query('SELECT *\nFROM `...', 0)
#1 C:\laragon\www\musicplayer\system\Database\BaseConnection.php(692): CodeIgniter\Database\MySQLi\Connection->execute('SELECT *\nFROM `...')
#2 C:\laragon\www\musicplayer\system\Database\BaseConnection.php(606): CodeIgniter\Database\BaseConnection->simpleQuery('SELECT *\nFROM `...')
#3 C:\laragon\www\musicplayer\system\Database\BaseBuilder.php(1615): CodeIgniter\Database\BaseConnection->query('SELECT *\nFROM `...', Array, false)
#4 C:\laragon\www\musicplayer\system\Model.php(237): CodeIgniter\Database\BaseBuilder->get()
#5 C:\laragon\www\musicplayer\system\BaseModel.php(624): CodeIgniter\Model->doFindAll(0, 0)
#6 C:\laragon\www\musicplayer\app\Controllers\MusicController.php(45): CodeIgniter\BaseModel->findAll()
#7 C:\laragon\www\musicplayer\system\CodeIgniter.php(919): App\Controllers\MusicController->search()
#8 C:\laragon\www\musicplayer\system\CodeIgniter.php(494): CodeIgniter\CodeIgniter->runController(Object(App\Controllers\MusicController))
#9 C:\laragon\www\musicplayer\system\CodeIgniter.php(353): CodeIgniter\CodeIgniter->handleRequest(NULL, Object(Config\Cache), false)
#10 C:\laragon\www\musicplayer\public\index.php(79): CodeIgniter\CodeIgniter->run()
#11 C:\laragon\www\musicplayer\system\Commands\Server\rewrite.php(47): require_once('C:\\laragon\\www\\...')
#12 {main}
CRITICAL - 2023-09-24 03:20:07 --> Unknown column 'title' in 'where clause'
in SYSTEMPATH\Database\BaseConnection.php on line 646.
 1 SYSTEMPATH\Database\BaseBuilder.php(1615): CodeIgniter\Database\BaseConnection->query('SELECT *
FROM `table_musics`
WHERE `title` LIKE :title: ESCAPE \'!\'', [...], false)
 2 SYSTEMPATH\Model.php(237): CodeIgniter\Database\BaseBuilder->get()
 3 SYSTEMPATH\BaseModel.php(624): CodeIgniter\Model->doFindAll(0, 0)
 4 APPPATH\Controllers\MusicController.php(45): CodeIgniter\BaseModel->findAll()
 5 SYSTEMPATH\CodeIgniter.php(919): App\Controllers\MusicController->search()
 6 SYSTEMPATH\CodeIgniter.php(494): CodeIgniter\CodeIgniter->runController(Object(App\Controllers\MusicController))
 7 SYSTEMPATH\CodeIgniter.php(353): CodeIgniter\CodeIgniter->handleRequest(null, Object(Config\Cache), false)
 8 FCPATH\index.php(79): CodeIgniter\CodeIgniter->run()
 9 SYSTEMPATH\Commands\Server\rewrite.php(47): require_once('C:\\laragon\\www\\musicplayer\\public\\index.php')
CRITICAL - 2023-09-24 03:21:04 --> Undefined variable $playName
in APPPATH\Views\ViewMusic.php on line 94.
 1 APPPATH\Views\ViewMusic.php(94): CodeIgniter\Debug\Exceptions->errorHandler(2, 'Undefined variable $playName', 'C:\\laragon\\www\\musicplayer\\app\\Views\\ViewMusic.php', 94)
 2 SYSTEMPATH\View\View.php(226): include('C:\\laragon\\www\\musicplayer\\app\\Views\\ViewMusic.php')
 3 SYSTEMPATH\View\View.php(229): CodeIgniter\View\View->CodeIgniter\View\{closure}()
 4 SYSTEMPATH\Common.php(1188): CodeIgniter\View\View->render('ViewMusic', [], true)
 5 APPPATH\Controllers\MusicController.php(50): view('ViewMusic', [...])
 6 SYSTEMPATH\CodeIgniter.php(919): App\Controllers\MusicController->search()
 7 SYSTEMPATH\CodeIgniter.php(494): CodeIgniter\CodeIgniter->runController(Object(App\Controllers\MusicController))
 8 SYSTEMPATH\CodeIgniter.php(353): CodeIgniter\CodeIgniter->handleRequest(null, Object(Config\Cache), false)
 9 FCPATH\index.php(79): CodeIgniter\CodeIgniter->run()
10 SYSTEMPATH\Commands\Server\rewrite.php(47): require_once('C:\\laragon\\www\\musicplayer\\public\\index.php')
CRITICAL - 2023-09-24 03:21:53 --> Undefined variable $playName
in APPPATH\Views\ViewMusic.php on line 94.
 1 APPPATH\Views\ViewMusic.php(94): CodeIgniter\Debug\Exceptions->errorHandler(2, 'Undefined variable $playName', 'C:\\laragon\\www\\musicplayer\\app\\Views\\ViewMusic.php', 94)
 2 SYSTEMPATH\View\View.php(226): include('C:\\laragon\\www\\musicplayer\\app\\Views\\ViewMusic.php')
 3 SYSTEMPATH\View\View.php(229): CodeIgniter\View\View->CodeIgniter\View\{closure}()
 4 SYSTEMPATH\Common.php(1188): CodeIgniter\View\View->render('ViewMusic', [], true)
 5 APPPATH\Controllers\MusicController.php(50): view('ViewMusic', [...])
 6 SYSTEMPATH\CodeIgniter.php(919): App\Controllers\MusicController->search()
 7 SYSTEMPATH\CodeIgniter.php(494): CodeIgniter\CodeIgniter->runController(Object(App\Controllers\MusicController))
 8 SYSTEMPATH\CodeIgniter.php(353): CodeIgniter\CodeIgniter->handleRequest(null, Object(Config\Cache), false)
 9 FCPATH\index.php(79): CodeIgniter\CodeIgniter->run()
10 SYSTEMPATH\Commands\Server\rewrite.php(47): require_once('C:\\laragon\\www\\musicplayer\\public\\index.php')
CRITICAL - 2023-09-24 03:21:55 --> Undefined variable $playName
in APPPATH\Views\ViewMusic.php on line 94.
 1 APPPATH\Views\ViewMusic.php(94): CodeIgniter\Debug\Exceptions->errorHandler(2, 'Undefined variable $playName', 'C:\\laragon\\www\\musicplayer\\app\\Views\\ViewMusic.php', 94)
 2 SYSTEMPATH\View\View.php(226): include('C:\\laragon\\www\\musicplayer\\app\\Views\\ViewMusic.php')
 3 SYSTEMPATH\View\View.php(229): CodeIgniter\View\View->CodeIgniter\View\{closure}()
 4 SYSTEMPATH\Common.php(1188): CodeIgniter\View\View->render('ViewMusic', [], true)
 5 APPPATH\Controllers\MusicController.php(50): view('ViewMusic', [...])
 6 SYSTEMPATH\CodeIgniter.php(919): App\Controllers\MusicController->search()
 7 SYSTEMPATH\CodeIgniter.php(494): CodeIgniter\CodeIgniter->runController(Object(App\Controllers\MusicController))
 8 SYSTEMPATH\CodeIgniter.php(353): CodeIgniter\CodeIgniter->handleRequest(null, Object(Config\Cache), false)
 9 FCPATH\index.php(79): CodeIgniter\CodeIgniter->run()
10 SYSTEMPATH\Commands\Server\rewrite.php(47): require_once('C:\\laragon\\www\\musicplayer\\public\\index.php')
CRITICAL - 2023-09-24 03:22:34 --> Undefined variable $playName
in APPPATH\Views\ViewMusic.php on line 94.
 1 APPPATH\Views\ViewMusic.php(94): CodeIgniter\Debug\Exceptions->errorHandler(2, 'Undefined variable $playName', 'C:\\laragon\\www\\musicplayer\\app\\Views\\ViewMusic.php', 94)
 2 SYSTEMPATH\View\View.php(226): include('C:\\laragon\\www\\musicplayer\\app\\Views\\ViewMusic.php')
 3 SYSTEMPATH\View\View.php(229): CodeIgniter\View\View->CodeIgniter\View\{closure}()
 4 SYSTEMPATH\Common.php(1188): CodeIgniter\View\View->render('ViewMusic', [], true)
 5 APPPATH\Controllers\MusicController.php(50): view('ViewMusic', [...])
 6 SYSTEMPATH\CodeIgniter.php(919): App\Controllers\MusicController->search()
 7 SYSTEMPATH\CodeIgniter.php(494): CodeIgniter\CodeIgniter->runController(Object(App\Controllers\MusicController))
 8 SYSTEMPATH\CodeIgniter.php(353): CodeIgniter\CodeIgniter->handleRequest(null, Object(Config\Cache), false)
 9 FCPATH\index.php(79): CodeIgniter\CodeIgniter->run()
10 SYSTEMPATH\Commands\Server\rewrite.php(47): require_once('C:\\laragon\\www\\musicplayer\\public\\index.php')
CRITICAL - 2023-09-24 03:45:28 --> Undefined variable $playName
in APPPATH\Views\ViewMusic.php on line 94.
 1 APPPATH\Views\ViewMusic.php(94): CodeIgniter\Debug\Exceptions->errorHandler(2, 'Undefined variable $playName', 'C:\\laragon\\www\\musicplayer\\app\\Views\\ViewMusic.php', 94)
 2 SYSTEMPATH\View\View.php(226): include('C:\\laragon\\www\\musicplayer\\app\\Views\\ViewMusic.php')
 3 SYSTEMPATH\View\View.php(229): CodeIgniter\View\View->CodeIgniter\View\{closure}()
 4 SYSTEMPATH\Common.php(1188): CodeIgniter\View\View->render('ViewMusic', [], true)
 5 APPPATH\Controllers\MusicController.php(50): view('ViewMusic', [...])
 6 SYSTEMPATH\CodeIgniter.php(919): App\Controllers\MusicController->search()
 7 SYSTEMPATH\CodeIgniter.php(494): CodeIgniter\CodeIgniter->runController(Object(App\Controllers\MusicController))
 8 SYSTEMPATH\CodeIgniter.php(353): CodeIgniter\CodeIgniter->handleRequest(null, Object(Config\Cache), false)
 9 FCPATH\index.php(79): CodeIgniter\CodeIgniter->run()
10 SYSTEMPATH\Commands\Server\rewrite.php(47): require_once('C:\\laragon\\www\\musicplayer\\public\\index.php')
CRITICAL - 2023-09-24 03:47:07 --> Undefined variable $name
in APPPATH\Views\ViewMusic.php on line 147.
 1 APPPATH\Views\ViewMusic.php(147): CodeIgniter\Debug\Exceptions->errorHandler(2, 'Undefined variable $name', 'C:\\laragon\\www\\musicplayer\\app\\Views\\ViewMusic.php', 147)
 2 SYSTEMPATH\View\View.php(226): include('C:\\laragon\\www\\musicplayer\\app\\Views\\ViewMusic.php')
 3 SYSTEMPATH\View\View.php(229): CodeIgniter\View\View->CodeIgniter\View\{closure}()
 4 SYSTEMPATH\Common.php(1188): CodeIgniter\View\View->render('ViewMusic', [], true)
 5 APPPATH\Controllers\MusicController.php(51): view('ViewMusic', [...])
 6 SYSTEMPATH\CodeIgniter.php(919): App\Controllers\MusicController->search()
 7 SYSTEMPATH\CodeIgniter.php(494): CodeIgniter\CodeIgniter->runController(Object(App\Controllers\MusicController))
 8 SYSTEMPATH\CodeIgniter.php(353): CodeIgniter\CodeIgniter->handleRequest(null, Object(Config\Cache), false)
 9 FCPATH\index.php(79): CodeIgniter\CodeIgniter->run()
10 SYSTEMPATH\Commands\Server\rewrite.php(47): require_once('C:\\laragon\\www\\musicplayer\\public\\index.php')
CRITICAL - 2023-09-24 04:39:16 --> Undefined variable $playName
in APPPATH\Views\ViewPlaylist.php on line 94.
 1 APPPATH\Views\ViewPlaylist.php(94): CodeIgniter\Debug\Exceptions->errorHandler(2, 'Undefined variable $playName', 'C:\\laragon\\www\\musicplayer\\app\\Views\\ViewPlaylist.php', 94)
 2 SYSTEMPATH\View\View.php(226): include('C:\\laragon\\www\\musicplayer\\app\\Views\\ViewPlaylist.php')
 3 SYSTEMPATH\View\View.php(229): CodeIgniter\View\View->CodeIgniter\View\{closure}()
 4 SYSTEMPATH\Common.php(1188): CodeIgniter\View\View->render('ViewPlaylist', [], true)
 5 APPPATH\Controllers\MusicController.php(56): view('ViewPlaylist')
 6 SYSTEMPATH\CodeIgniter.php(919): App\Controllers\MusicController->viewPlayList()
 7 SYSTEMPATH\CodeIgniter.php(494): CodeIgniter\CodeIgniter->runController(Object(App\Controllers\MusicController))
 8 SYSTEMPATH\CodeIgniter.php(353): CodeIgniter\CodeIgniter->handleRequest(null, Object(Config\Cache), false)
 9 FCPATH\index.php(79): CodeIgniter\CodeIgniter->run()
10 SYSTEMPATH\Commands\Server\rewrite.php(47): require_once('C:\\laragon\\www\\musicplayer\\public\\index.php')
CRITICAL - 2023-09-24 05:04:58 --> Undefined property: App\Controllers\MusicController::$product
in APPPATH\Controllers\MusicController.php on line 57.
 1 APPPATH\Controllers\MusicController.php(57): CodeIgniter\Debug\Exceptions->errorHandler(2, 'Undefined property: App\\Controllers\\MusicController::$product', 'C:\\laragon\\www\\musicplayer\\app\\Controllers\\MusicController.php', 57)
 2 SYSTEMPATH\CodeIgniter.php(919): App\Controllers\MusicController->viewPlayList('9')
 3 SYSTEMPATH\CodeIgniter.php(494): CodeIgniter\CodeIgniter->runController(Object(App\Controllers\MusicController))
 4 SYSTEMPATH\CodeIgniter.php(353): CodeIgniter\CodeIgniter->handleRequest(null, Object(Config\Cache), false)
 5 FCPATH\index.php(79): CodeIgniter\CodeIgniter->run()
 6 SYSTEMPATH\Commands\Server\rewrite.php(47): require_once('C:\\laragon\\www\\musicplayer\\public\\index.php')
CRITICAL - 2023-09-24 10:37:57 --> Undefined array key "playlistName"
in APPPATH\Views\ViewPlaylist.php on line 121.
 1 APPPATH\Views\ViewPlaylist.php(121): CodeIgniter\Debug\Exceptions->errorHandler(2, 'Undefined array key "playlistName"', 'C:\\laragon\\www\\musicplayer\\app\\Views\\ViewPlaylist.php', 121)
 2 SYSTEMPATH\View\View.php(226): include('C:\\laragon\\www\\musicplayer\\app\\Views\\ViewPlaylist.php')
 3 SYSTEMPATH\View\View.php(229): CodeIgniter\View\View->CodeIgniter\View\{closure}()
 4 SYSTEMPATH\Common.php(1188): CodeIgniter\View\View->render('ViewPlaylist', [], true)
 5 APPPATH\Controllers\MusicController.php(60): view('ViewPlaylist', [...])
 6 SYSTEMPATH\CodeIgniter.php(919): App\Controllers\MusicController->viewPlayList('10')
 7 SYSTEMPATH\CodeIgniter.php(494): CodeIgniter\CodeIgniter->runController(Object(App\Controllers\MusicController))
 8 SYSTEMPATH\CodeIgniter.php(353): CodeIgniter\CodeIgniter->handleRequest(null, Object(Config\Cache), false)
 9 FCPATH\index.php(79): CodeIgniter\CodeIgniter->run()
10 SYSTEMPATH\Commands\Server\rewrite.php(47): require_once('C:\\laragon\\www\\musicplayer\\public\\index.php')
CRITICAL - 2023-09-24 10:39:15 --> Undefined array key "playlistName"
in APPPATH\Views\ViewPlaylist.php on line 121.
 1 APPPATH\Views\ViewPlaylist.php(121): CodeIgniter\Debug\Exceptions->errorHandler(2, 'Undefined array key "playlistName"', 'C:\\laragon\\www\\musicplayer\\app\\Views\\ViewPlaylist.php', 121)
 2 SYSTEMPATH\View\View.php(226): include('C:\\laragon\\www\\musicplayer\\app\\Views\\ViewPlaylist.php')
 3 SYSTEMPATH\View\View.php(229): CodeIgniter\View\View->CodeIgniter\View\{closure}()
 4 SYSTEMPATH\Common.php(1188): CodeIgniter\View\View->render('ViewPlaylist', [], true)
 5 APPPATH\Controllers\MusicController.php(61): view('ViewPlaylist', [...])
 6 SYSTEMPATH\CodeIgniter.php(919): App\Controllers\MusicController->viewPlayList('10')
 7 SYSTEMPATH\CodeIgniter.php(494): CodeIgniter\CodeIgniter->runController(Object(App\Controllers\MusicController))
 8 SYSTEMPATH\CodeIgniter.php(353): CodeIgniter\CodeIgniter->handleRequest(null, Object(Config\Cache), false)
 9 FCPATH\index.php(79): CodeIgniter\CodeIgniter->run()
10 SYSTEMPATH\Commands\Server\rewrite.php(47): require_once('C:\\laragon\\www\\musicplayer\\public\\index.php')
CRITICAL - 2023-09-24 10:54:40 --> Undefined variable $playName
in APPPATH\Views\ViewMusic.php on line 93.
 1 APPPATH\Views\ViewMusic.php(93): CodeIgniter\Debug\Exceptions->errorHandler(2, 'Undefined variable $playName', 'C:\\laragon\\www\\musicplayer\\app\\Views\\ViewMusic.php', 93)
 2 SYSTEMPATH\View\View.php(226): include('C:\\laragon\\www\\musicplayer\\app\\Views\\ViewMusic.php')
 3 SYSTEMPATH\View\View.php(229): CodeIgniter\View\View->CodeIgniter\View\{closure}()
 4 SYSTEMPATH\Common.php(1188): CodeIgniter\View\View->render('ViewMusic', [], true)
 5 APPPATH\Controllers\MusicController.php(51): view('ViewMusic', [...])
 6 SYSTEMPATH\CodeIgniter.php(919): App\Controllers\MusicController->search()
 7 SYSTEMPATH\CodeIgniter.php(494): CodeIgniter\CodeIgniter->runController(Object(App\Controllers\MusicController))
 8 SYSTEMPATH\CodeIgniter.php(353): CodeIgniter\CodeIgniter->handleRequest(null, Object(Config\Cache), false)
 9 FCPATH\index.php(79): CodeIgniter\CodeIgniter->run()
10 SYSTEMPATH\Commands\Server\rewrite.php(47): require_once('C:\\laragon\\www\\musicplayer\\public\\index.php')
